app/manifest-merger-release-report.txt
-- Merging decision tree log ---
manifest
ADDED from AndroidManifest.xml:2:1
	xmlns:android
		ADDED from AndroidManifest.xml:2:11
	package
		ADDED from AndroidManifest.xml:3:5
		INJECTED from AndroidManifest.xml:0:0
		INJECTED from AndroidManifest.xml:0:0
	android:versionName
		ADDED from AndroidManifest.xml:5:5
		INJECTED from AndroidManifest.xml:0:0
		INJECTED from AndroidManifest.xml:0:0
	android:versionCode
		ADDED from AndroidManifest.xml:4:5
		INJECTED from AndroidManifest.xml:0:0
		INJECTED from AndroidManifest.xml:0:0
uses-sdk
ADDED from AndroidManifest.xml:6:5
MERGED from com.google.android.gms:play-services:6.1.11:15:5
MERGED from com.android.support:support-v4:21.0.0:15:5
MERGED from com.android.support:support-v4:21.0.0:15:5
MERGED from com.android.support:support-v13:21.0.0:15:5
MERGED from com.android.support:support-v4:21.0.0:15:5
MERGED from PTApp.app.libs:openpgp-api-lib:unspecified:7:5
MERGED from PTApp.app.libs:MemorizingTrustManager:unspecified:7:5
	android:targetSdkVersion
		ADDED from AndroidManifest.xml:8:9
		INJECTED from AndroidManifest.xml:0:0
		INJECTED from AndroidManifest.xml:0:0
	android:minSdkVersion
		ADDED from AndroidManifest.xml:7:9
		INJECTED from AndroidManifest.xml:0:0
		INJECTED from AndroidManifest.xml:0:0
uses-permission#android.permission.WRITE_EXTERNAL_STORAGE
ADDED from AndroidManifest.xml:16:5
	android:name
		ADDED from AndroidManifest.xml:16:22
uses-permission#android.permission.READ_CONTACTS
ADDED from AndroidManifest.xml:17:5
	android:name
		ADDED from AndroidManifest.xml:17:22
uses-permission#android.permission.INTERNET
ADDED from AndroidManifest.xml:19:5
	android:name
		ADDED from AndroidManifest.xml:19:22
uses-permission#android.permission.ACCESS_NETWORK_STATE
ADDED from AndroidManifest.xml:20:5
	android:name
		ADDED from AndroidManifest.xml:20:22
uses-permission#android.permission.READ_CALENDAR
ADDED from AndroidManifest.xml:23:5
	android:name
		ADDED from AndroidManifest.xml:23:22
uses-permission#android.permission.WRITE_CALENDAR
ADDED from AndroidManifest.xml:24:5
	android:name
		ADDED from AndroidManifest.xml:24:22
uses-permission#android.permission.WAKE_LOCK
ADDED from AndroidManifest.xml:29:5
	android:name
		ADDED from AndroidManifest.xml:29:22
uses-permission#android.permission.GET_ACCOUNTS
ADDED from AndroidManifest.xml:31:5
	android:name
		ADDED from AndroidManifest.xml:31:22
permission#com.ptapp.app.permission.C2D_MESSAGE
ADDED from AndroidManifest.xml:38:5
	android:protectionLevel
		ADDED from AndroidManifest.xml:40:9
	android:name
		ADDED from AndroidManifest.xml:39:9
uses-permission#com.schoolo.app.permission.C2D_MESSAGE
ADDED from AndroidManifest.xml:42:5
	android:name
		ADDED from AndroidManifest.xml:42:22
uses-permission#com.google.android.c2dm.permission.RECEIVE
ADDED from AndroidManifest.xml:44:5
	android:name
		ADDED from AndroidManifest.xml:44:22
uses-permission#android.permission.CALL_PHONE
ADDED from AndroidManifest.xml:47:5
	android:name
		ADDED from AndroidManifest.xml:47:22
uses-permission#android.permission.READ_PHONE_STATE
ADDED from AndroidManifest.xml:48:5
	android:name
		ADDED from AndroidManifest.xml:48:22
uses-permission#android.permission.RECEIVE_BOOT_COMPLETED
ADDED from AndroidManifest.xml:49:5
	android:name
		ADDED from AndroidManifest.xml:49:22
uses-permission#android.permission.VIBRATE
ADDED from AndroidManifest.xml:50:5
	android:name
		ADDED from AndroidManifest.xml:50:22
uses-permission#android.permission.NFC
ADDED from AndroidManifest.xml:51:5
	android:name
		ADDED from AndroidManifest.xml:51:22
application
ADDED from AndroidManifest.xml:53:5
MERGED from com.google.android.gms:play-services:6.1.11:16:5
MERGED from com.android.support:support-v4:21.0.0:16:5
MERGED from com.android.support:support-v4:21.0.0:16:5
MERGED from com.android.support:support-v13:21.0.0:16:5
MERGED from com.android.support:support-v4:21.0.0:16:5
MERGED from PTApp.app.libs:openpgp-api-lib:unspecified:11:5
	android:label
		ADDED from AndroidManifest.xml:58:9
	android:allowBackup
		ADDED from AndroidManifest.xml:55:9
	android:icon
		ADDED from AndroidManifest.xml:57:9
	android:theme
		ADDED from AndroidManifest.xml:59:9
	android:hardwareAccelerated
		ADDED from AndroidManifest.xml:56:9
	android:name
		ADDED from AndroidManifest.xml:54:9
service#com.ptapp.service.XmppConnectionService
ADDED from AndroidManifest.xml:68:9
	android:name
		ADDED from AndroidManifest.xml:68:18
receiver#com.ptapp.service.EventReceiver
ADDED from AndroidManifest.xml:70:9
	android:name
		ADDED from AndroidManifest.xml:70:19
intent-filter#android.intent.action.ACTION_SHUTDOWN+android.intent.action.BOOT_COMPLETED+android.net.conn.CONNECTIVITY_CHANGE
ADDED from AndroidManifest.xml:71:13
action#android.intent.action.BOOT_COMPLETED
ADDED from AndroidManifest.xml:72:17
	android:name
		ADDED from AndroidManifest.xml:72:25
action#android.net.conn.CONNECTIVITY_CHANGE
ADDED from AndroidManifest.xml:73:17
	android:name
		ADDED from AndroidManifest.xml:73:25
action#android.intent.action.ACTION_SHUTDOWN
ADDED from AndroidManifest.xml:74:17
	android:name
		ADDED from AndroidManifest.xml:74:25
activity#com.ptapp.activity.ConversationActivity
ADDED from AndroidManifest.xml:79:9
	android:windowSoftInputMode
		ADDED from AndroidManifest.xml:83:13
	android:label
		ADDED from AndroidManifest.xml:81:13
	android:name
		ADDED from AndroidManifest.xml:80:13
	android:launchMode
		ADDED from AndroidManifest.xml:82:13
activity#com.ptapp.activity.EducatorHomeActivity
ADDED from AndroidManifest.xml:85:9
	android:screenOrientation
		ADDED from AndroidManifest.xml:88:13
	android:label
		ADDED from AndroidManifest.xml:87:13
	android:name
		ADDED from AndroidManifest.xml:86:13
activity#com.ptapp.activity.HomeActivity
ADDED from AndroidManifest.xml:98:9
	android:screenOrientation
		ADDED from AndroidManifest.xml:101:13
	android:label
		ADDED from AndroidManifest.xml:100:13
	android:name
		ADDED from AndroidManifest.xml:99:13
activity#com.ptapp.activity.ChildProfileActivity
ADDED from AndroidManifest.xml:103:9
	android:screenOrientation
		ADDED from AndroidManifest.xml:106:13
	android:label
		ADDED from AndroidManifest.xml:105:13
	android:name
		ADDED from AndroidManifest.xml:104:13
activity#com.ptapp.activity.EventsMonthlyActivity
ADDED from AndroidManifest.xml:108:9
	android:screenOrientation
		ADDED from AndroidManifest.xml:111:13
	android:label
		ADDED from AndroidManifest.xml:110:13
	android:name
		ADDED from AndroidManifest.xml:109:13
activity#com.ptapp.activity.EventDetailActivity
ADDED from AndroidManifest.xml:112:9
	android:screenOrientation
		ADDED from AndroidManifest.xml:115:13
	android:label
		ADDED from AndroidManifest.xml:114:13
	android:name
		ADDED from AndroidManifest.xml:113:13
activity#com.ptapp.activity.SliderImageActivity
ADDED from AndroidManifest.xml:116:9
	android:screenOrientation
		ADDED from AndroidManifest.xml:120:13
	android:noHistory
		ADDED from AndroidManifest.xml:119:13
	android:label
		ADDED from AndroidManifest.xml:118:13
	android:name
		ADDED from AndroidManifest.xml:117:13
activity#com.ptapp.activity.AudioPlayerActivity
ADDED from AndroidManifest.xml:121:9
	android:screenOrientation
		ADDED from AndroidManifest.xml:124:13
	android:label
		ADDED from AndroidManifest.xml:123:13
	android:theme
		ADDED from AndroidManifest.xml:125:13
	android:name
		ADDED from AndroidManifest.xml:122:13
activity#com.ptapp.activity.SettingsActivity
ADDED from AndroidManifest.xml:126:9
	android:screenOrientation
		ADDED from AndroidManifest.xml:129:13
	android:label
		ADDED from AndroidManifest.xml:128:13
	android:name
		ADDED from AndroidManifest.xml:127:13
receiver#com.ptapp.app.GcmBroadcastReceiver
ADDED from AndroidManifest.xml:138:9
	android:permission
		ADDED from AndroidManifest.xml:140:13
	android:name
		ADDED from AndroidManifest.xml:139:13
intent-filter#com.google.android.c2dm.intent.RECEIVE+com.ptapp.app
ADDED from AndroidManifest.xml:141:13
action#com.google.android.c2dm.intent.RECEIVE
ADDED from AndroidManifest.xml:144:17
	android:name
		ADDED from AndroidManifest.xml:144:25
category#com.ptapp.app
ADDED from AndroidManifest.xml:146:17
	android:name
		ADDED from AndroidManifest.xml:146:27
service#com.ptapp.app.GCMIntentService
ADDED from AndroidManifest.xml:157:9
	android:name
		ADDED from AndroidManifest.xml:157:18
provider#com.ptapp.provider.PTAppProvider
ADDED from AndroidManifest.xml:159:9
	android:label
		ADDED from AndroidManifest.xml:163:13
	android:syncable
		ADDED from AndroidManifest.xml:164:13
	android:exported
		ADDED from AndroidManifest.xml:162:13
	android:authorities
		ADDED from AndroidManifest.xml:161:13
	android:name
		ADDED from AndroidManifest.xml:160:13
activity#com.ptapp.activity.AgreeTosActivity
ADDED from AndroidManifest.xml:166:9
	android:screenOrientation
		ADDED from AndroidManifest.xml:170:13
	android:label
		ADDED from AndroidManifest.xml:169:13
	android:configChanges
		ADDED from AndroidManifest.xml:168:13
	android:theme
		ADDED from AndroidManifest.xml:171:13
	android:name
		ADDED from AndroidManifest.xml:167:13
intent-filter#android.intent.action.MAIN+android.intent.category.LAUNCHER
ADDED from AndroidManifest.xml:172:13
action#android.intent.action.MAIN
ADDED from AndroidManifest.xml:173:17
	android:name
		ADDED from AndroidManifest.xml:173:25
category#android.intent.category.LAUNCHER
ADDED from AndroidManifest.xml:175:17
	android:name
		ADDED from AndroidManifest.xml:175:27
activity#com.ptapp.activity.VerifyPhoneActivity
ADDED from AndroidManifest.xml:178:9
	android:screenOrientation
		ADDED from AndroidManifest.xml:181:13
	android:label
		ADDED from AndroidManifest.xml:180:13
	android:theme
		ADDED from AndroidManifest.xml:182:13
	android:name
		ADDED from AndroidManifest.xml:179:13
activity#com.ptapp.activity.OTPActivity
ADDED from AndroidManifest.xml:183:9
	android:screenOrientation
		ADDED from AndroidManifest.xml:186:13
	android:label
		ADDED from AndroidManifest.xml:185:13
	android:theme
		ADDED from AndroidManifest.xml:187:13
	android:name
		ADDED from AndroidManifest.xml:184:13
activity#com.ptapp.activity.RegistrationSuccessActivity
ADDED from AndroidManifest.xml:188:9
	android:screenOrientation
		ADDED from AndroidManifest.xml:191:13
	android:label
		ADDED from AndroidManifest.xml:190:13
	android:theme
		ADDED from AndroidManifest.xml:192:13
	android:name
		ADDED from AndroidManifest.xml:189:13
activity#com.ptapp.activity.OpenTosActivity
ADDED from AndroidManifest.xml:193:9
	android:screenOrientation
		ADDED from AndroidManifest.xml:196:13
	android:label
		ADDED from AndroidManifest.xml:195:13
	android:name
		ADDED from AndroidManifest.xml:194:13
activity#com.ptapp.activity.EducatorGroupMsgActivity
ADDED from AndroidManifest.xml:205:9
	android:screenOrientation
		ADDED from AndroidManifest.xml:208:13
	android:label
		ADDED from AndroidManifest.xml:207:13
	android:theme
		ADDED from AndroidManifest.xml:209:13
	android:name
		ADDED from AndroidManifest.xml:206:13
activity#com.ptapp.activity.EducatorMsgsActivity
ADDED from AndroidManifest.xml:210:9
	android:screenOrientation
		ADDED from AndroidManifest.xml:213:13
	android:label
		ADDED from AndroidManifest.xml:212:13
	android:name
		ADDED from AndroidManifest.xml:211:13
activity#com.ptapp.activity.EducatorEventsActivity
ADDED from AndroidManifest.xml:214:9
	android:screenOrientation
		ADDED from AndroidManifest.xml:218:13
	android:label
		ADDED from AndroidManifest.xml:216:13
	android:parentActivityName
		ADDED from AndroidManifest.xml:217:13
	android:name
		ADDED from AndroidManifest.xml:215:13
meta-data#android.support.PARENT_ACTIVITY
ADDED from AndroidManifest.xml:219:13
	android:name
		ADDED from AndroidManifest.xml:220:17
	android:value
		ADDED from AndroidManifest.xml:221:17
activity#com.ptapp.activity.ParentHomeActivity
ADDED from AndroidManifest.xml:223:9
	android:screenOrientation
		ADDED from AndroidManifest.xml:226:13
	android:label
		ADDED from AndroidManifest.xml:225:13
	android:name
		ADDED from AndroidManifest.xml:224:13
activity#com.ptapp.GroupConversationActivity
ADDED from AndroidManifest.xml:227:9
	android:label
		ADDED from AndroidManifest.xml:229:13
	android:name
		ADDED from AndroidManifest.xml:228:13